<?xml version="1.0" encoding="UTF-8"?>
<!-- Generated by org.testng.reporters.JUnitXMLReporter -->
<testsuite ignored="1" hostname="QB-Admins-MacBook-Air.local" failures="2" tests="2" name="Halo Lock BVT Test" time="0.839" errors="0" timestamp="2021-06-02T13:47:13 IST">
  <testcase classname="tests.app.HelpFAQTest" name="helpFaqTest" time="0.664">
    <failure type="java.lang.ExceptionInInitializerError">
      <![CDATA[java.lang.ExceptionInInitializerError
at io.appium.java_client.pagefactory.utils.ProxyFactory.getEnhancedProxy(ProxyFactory.java:52)
at io.appium.java_client.pagefactory.utils.ProxyFactory.getEnhancedProxy(ProxyFactory.java:33)
at io.appium.java_client.pagefactory.AppiumFieldDecorator.proxyForAnElement(AppiumFieldDecorator.java:222)
at io.appium.java_client.pagefactory.AppiumFieldDecorator.access$0(AppiumFieldDecorator.java:220)
at io.appium.java_client.pagefactory.AppiumFieldDecorator$1.proxyForLocator(AppiumFieldDecorator.java:105)
at org.openqa.selenium.support.pagefactory.DefaultFieldDecorator.decorate(DefaultFieldDecorator.java:62)
at io.appium.java_client.pagefactory.AppiumFieldDecorator.decorate(AppiumFieldDecorator.java:160)
at org.openqa.selenium.support.PageFactory.proxyFields(PageFactory.java:113)
at org.openqa.selenium.support.PageFactory.initElements(PageFactory.java:105)
at pages.app.LockDashboardPage.<init>(Unknown Source)
at tests.app.HelpFAQTest.helpFaqTest(Unknown Source)
at java.base/java.util.ArrayList.forEach(ArrayList.java:1511)
at net.sf.cglib.core.ReflectUtils.defineClass(ReflectUtils.java:464)
at net.sf.cglib.core.AbstractClassGenerator.generate(AbstractClassGenerator.java:336)
at net.sf.cglib.core.AbstractClassGenerator$ClassLoaderData$3.apply(AbstractClassGenerator.java:93)
at net.sf.cglib.core.AbstractClassGenerator$ClassLoaderData$3.apply(AbstractClassGenerator.java:91)
at net.sf.cglib.core.internal.LoadingCache$2.call(LoadingCache.java:54)
at java.base/java.util.concurrent.FutureTask.run(FutureTask.java:264)
at net.sf.cglib.core.internal.LoadingCache.createEntry(LoadingCache.java:61)
at net.sf.cglib.core.internal.LoadingCache.get(LoadingCache.java:34)
at net.sf.cglib.core.AbstractClassGenerator$ClassLoaderData.get(AbstractClassGenerator.java:116)
at net.sf.cglib.core.AbstractClassGenerator.create(AbstractClassGenerator.java:291)
at net.sf.cglib.core.KeyFactory$Generator.create(KeyFactory.java:221)
at net.sf.cglib.core.KeyFactory.create(KeyFactory.java:174)
at net.sf.cglib.core.KeyFactory.create(KeyFactory.java:153)
at net.sf.cglib.proxy.Enhancer.<clinit>(Enhancer.java:73)
... 38 more
at net.sf.cglib.core.ReflectUtils$1.run(ReflectUtils.java:61)
at java.base/java.security.AccessController.doPrivileged(AccessController.java:554)
at net.sf.cglib.core.ReflectUtils.<clinit>(ReflectUtils.java:52)
at net.sf.cglib.core.KeyFactory$Generator.generateClass(KeyFactory.java:243)
at net.sf.cglib.core.DefaultGeneratorStrategy.generate(DefaultGeneratorStrategy.java:25)
at net.sf.cglib.core.AbstractClassGenerator.generate(AbstractClassGenerator.java:329)
... 50 more
... Removed 32 stack frames]]>
    </failure>
  </testcase> <!-- helpFaqTest -->
  <testcase classname="tests.app.HelpFAQTest" name="helpFaqTest" time="0.708">
    <failure type="java.lang.NullPointerException" message="Cannot invoke &amp;quot;Object.getClass()&amp;quot; because &amp;quot;&amp;lt;parameter1&amp;gt;&amp;quot; is null">
      <![CDATA[java.lang.NullPointerException: Cannot invoke "Object.getClass()" because "<parameter1>" is null
at utility.Screenshot.extractRemoteWebDriver(Unknown Source)
at utility.Screenshot.takeScreenshot(Unknown Source)
at configure.ReportGenerator.onTestFailure(Unknown Source)
at java.base/java.util.ArrayList.forEach(ArrayList.java:1511)
... Removed 23 stack frames]]>
    </failure>
  </testcase> <!-- helpFaqTest -->
  <testcase classname="tests.app.HelpFAQTest" name="helpSectionTest" time="0.0">
    <ignored/>
  </testcase> <!-- helpSectionTest -->
</testsuite> <!-- Halo Lock BVT Test -->
